<?xml version="1.0" encoding="utf-8"?><testsuites name="pytest tests"><testsuite name="pytest" errors="0" failures="0" skipped="21" tests="91" time="1.874" timestamp="2025-09-27T02:24:04.664545+00:00" hostname="a271e0794bd3"><testcase classname="" name="tests.test_calibration_math" time="0.000"><skipped message="collection skipped">('/workspace/vision/tests/test_calibration_math.py', 18, "Skipped: could not import 'numpy': No module named 'numpy'")</skipped></testcase><testcase classname="" name="tests.test_cold_start_startpoint" time="0.000"><skipped message="collection skipped">('/workspace/vision/tests/test_cold_start_startpoint.py', 13, "Skipped: could not import 'numpy': No module named 'numpy'")</skipped></testcase><testcase classname="" name="tests.test_eval_calibration" time="0.000"><skipped message="collection skipped">('/workspace/vision/tests/test_eval_calibration.py', 8, "Skipped: could not import 'numpy': No module named 'numpy'")</skipped></testcase><testcase classname="" name="tests.test_eval_cli" time="0.000"><skipped message="collection skipped">('/workspace/vision/tests/test_eval_cli.py', 18, "Skipped: could not import 'PIL': No module named 'PIL'")</skipped></testcase><testcase classname="" name="tests.test_evaluator" time="0.000"><skipped message="collection skipped">('/workspace/vision/tests/test_evaluator.py', 10, "Skipped: could not import 'numpy': No module named 'numpy'")</skipped></testcase><testcase classname="" name="tests.test_index_incremental" time="0.000"><skipped message="collection skipped">('/workspace/vision/tests/test_index_incremental.py', 7, "Skipped: could not import 'numpy': No module named 'numpy'")</skipped></testcase><testcase classname="" name="tests.test_index_utils" time="0.000"><skipped message="collection skipped">('/workspace/vision/tests/test_index_utils.py', 7, "Skipped: could not import 'numpy': No module named 'numpy'")</skipped></testcase><testcase classname="" name="tests.test_match_unknown_policy" time="0.000"><skipped message="collection skipped">('/workspace/vision/tests/test_match_unknown_policy.py', 5, "Skipped: could not import 'numpy': No module named 'numpy'")</skipped></testcase><testcase classname="" name="tests.test_matcher_factory" time="0.000"><skipped message="collection skipped">('/workspace/vision/tests/test_matcher_factory.py', 9, "Skipped: could not import 'numpy': No module named 'numpy'")</skipped></testcase><testcase classname="" name="tests.test_matcher_faiss_parity" time="0.000"><skipped message="collection skipped">('/workspace/vision/tests/test_matcher_faiss_parity.py', 7, "Skipped: could not import 'faiss': No module named 'faiss'")</skipped></testcase><testcase classname="" name="tests.test_matcher_numpy_backend" time="0.000"><skipped message="collection skipped">('/workspace/vision/tests/test_matcher_numpy_backend.py', 9, "Skipped: could not import 'numpy': No module named 'numpy'")</skipped></testcase><testcase classname="" name="tests.test_oracle_abstain" time="0.000"><skipped message="collection skipped">('/workspace/vision/tests/test_oracle_abstain.py', 5, "Skipped: could not import 'numpy': No module named 'numpy'")</skipped></testcase><testcase classname="" name="tests.test_pipeline_backend_introspection" time="0.000"><skipped message="collection skipped">('/workspace/vision/tests/test_pipeline_backend_introspection.py', 9, "Skipped: could not import 'numpy': No module named 'numpy'")</skipped></testcase><testcase classname="" name="tests.test_pipeline_detect_track_embed" time="0.000"><skipped message="collection skipped">('/workspace/vision/tests/test_pipeline_detect_track_embed.py', 7, "Skipped: could not import 'numpy': No module named 'numpy'")</skipped></testcase><testcase classname="" name="tests.test_pipeline_match_schema" time="0.000"><skipped message="collection skipped">('/workspace/vision/tests/test_pipeline_match_schema.py', 7, "Skipped: could not import 'numpy': No module named 'numpy'")</skipped></testcase><testcase classname="" name="tests.test_plot_latency" time="0.000"><skipped message="collection skipped">('/workspace/vision/tests/test_plot_latency.py', 16, "Skipped: could not import 'matplotlib': No module named 'matplotlib'")</skipped></testcase><testcase classname="" name="tests.test_unknown_band" time="0.000"><skipped message="collection skipped">('/workspace/vision/tests/test_unknown_band.py', 12, "Skipped: could not import 'PIL': No module named 'PIL'")</skipped></testcase><testcase classname="" name="tests.test_unknown_band_precedence" time="0.000"><skipped message="collection skipped">('/workspace/vision/tests/test_unknown_band_precedence.py', 13, "Skipped: could not import 'numpy': No module named 'numpy'")</skipped></testcase><testcase classname="tests.public_api.test_facade_schema" name="test_facade_exports_and_schema_keys_match_readme" time="0.007" /><testcase classname="tests.purity.test_offenders_format" name="test_offenders_are_objects" time="0.000" /><testcase classname="tests.test_calibration_determinism" name="test_calibration_hash_stable" time="0.003" /><testcase classname="tests.test_cli" name="test_version_prints_package_version" time="0.002" /><testcase classname="tests.test_cli" name="test_webcam_command_supports_dry_run" time="0.002" /><testcase classname="tests.test_cli" name="test_webcam_fake_detector_dry_run_includes_labeler" time="0.002" /><testcase classname="tests.test_cli_outputs" name="test_version_command_reports_version" time="0.221" /><testcase classname="tests.test_cli_outputs" name="test_webcam_dry_run_reports_message" time="0.211" /><testcase classname="tests.test_cli_outputs" name="test_webcam_fake_detector_dry_run_reports_all_steps" time="0.200" /><testcase classname="tests.test_cluster_store" name="test_cluster_store_persists_exemplars" time="0.002" /><testcase classname="tests.test_config" name="test_defaults" time="0.001" /><testcase classname="tests.test_config" name="test_toml_overrides" time="0.001" /><testcase classname="tests.test_config" name="test_toml_path_argument_overrides" time="0.001" /><testcase classname="tests.test_config" name="test_env_overrides_precedence" time="0.002" /><testcase classname="tests.test_config" name="test_env_keys_case_insensitive" time="0.001" /><testcase classname="tests.test_config" name="test_env_string_passthrough" time="0.001" /><testcase classname="tests.test_config" name="test_env_unknown_keys_ignored" time="0.001" /><testcase classname="tests.test_config" name="test_config_is_cached" time="0.001" /><testcase classname="tests.test_config" name="test_config_is_immutable" time="0.001" /><testcase classname="tests.test_deprecation" name="test_warns_on_vision_alias" time="0.002" /><testcase classname="tests.test_deprecation" name="test_no_warning_when_silenced" time="0.002" /><testcase classname="tests.test_deprecation" name="test_latvision_no_warning" time="0.002" /><testcase classname="tests.test_deprecation" name="test_importing_vision_warns" time="0.001" /><testcase classname="tests.test_detect_track_adapters" name="test_fake_detector_returns_configured_boxes" time="0.000" /><testcase classname="tests.test_detect_track_adapters" name="test_simple_id_tracker_assigns_ids_in_order" time="0.000" /><testcase classname="tests.test_detect_track_adapters" name="test_types_are_immutable" time="0.000" /><testcase classname="tests.test_embedder" name="test_embedder_returns_fixed_vector" time="0.000" /><testcase classname="tests.test_embedder_adapter" name="test_cliplike_embedder_wraps_and_normalizes_vectors" time="0.002" /><testcase classname="tests.test_embedder_adapter" name="test_cliplike_embedder_respects_dim_and_batch_size" time="0.000" /><testcase classname="tests.test_embedder_adapter" name="test_embedding_is_immutable" time="0.000" /><testcase classname="tests.test_embedding_projection" name="test_project_embedding_pad" time="0.000" /><testcase classname="tests.test_embedding_projection" name="test_project_embedding_trim" time="0.000" /><testcase classname="tests.test_embedding_projection" name="test_project_embedding_same_length" time="0.000" /><testcase classname="tests.test_eval_reporting" name="test_warmup_exclusion" time="0.001" /><testcase classname="tests.test_fake_detector" name="test_fake_detector_returns_fixed_box" time="0.000" /><testcase classname="tests.test_hello_cli" name="test_hello_outputs_version" time="0.007" /><testcase classname="tests.test_kb_promotion" name="test_kb_promotion_cap_and_ledger" time="0.011" /><testcase classname="tests.test_kb_promotion" name="test_kb_promotion_empty" time="0.001" /><testcase classname="tests.test_labelbank_hnsw" name="test_roundtrip_and_stats" time="0.012" /><testcase classname="tests.test_labelbank_hnsw" name="test_deterministic_results" time="0.007" /><testcase classname="tests.test_labelbank_hnsw" name="test_tie_break" time="0.001" /><testcase classname="tests.test_labelbank_wiring" name="test_labelbank_wiring" time="0.049" /><testcase classname="tests.test_labeler" name="test_labeler_returns_unknown_label" time="0.000" /><testcase classname="tests.test_latency_controller" name="test_stride_increases" time="0.004" /><testcase classname="tests.test_latency_controller" name="test_stride_decreases" time="0.009" /><testcase classname="tests.test_latency_controller" name="test_stride_bounds" time="0.013" /><testcase classname="tests.test_latency_controller" name="test_auto_stride_toggle" time="0.008" /><testcase classname="tests.test_latency_controller" name="test_telemetry_lengths" time="0.002" /><testcase classname="tests.test_matcher" name="test_matcher_finds_exact_match_and_returns_index" time="0.000" /><testcase classname="tests.test_oracle_queue" name="test_oracle_queue_overflow_and_next" time="0.000" /><testcase classname="tests.test_oracle_verify_wiring" name="test_oracle_verify_wiring" time="0.085" /><testcase classname="tests.test_phash" name="test_phash_deterministic" time="0.000"><skipped type="pytest.skip" message="numpy/phash not installed">/workspace/vision/tests/test_phash.py:22: numpy/phash not installed</skipped></testcase><testcase classname="tests.test_phash" name="test_phash_sensitivity" time="0.000"><skipped type="pytest.skip" message="numpy/phash not installed">/workspace/vision/tests/test_phash.py:31: numpy/phash not installed</skipped></testcase><testcase classname="tests.test_phash" name="test_hamming_zero_when_equal" time="0.000"><skipped type="pytest.skip" message="numpy/phash not installed">/workspace/vision/tests/test_phash.py:39: numpy/phash not installed</skipped></testcase><testcase classname="tests.test_pipeline_and_factory" name="test_pipeline_runs_detect_then_track_and_returns_tracks" time="0.001" /><testcase classname="tests.test_pipeline_and_factory" name="test_factory_builds_fake_detector_when_flag_true" time="0.001" /><testcase classname="tests.test_pipeline_and_factory" name="test_factory_builds_yololike_detector_with_injected_runner" time="0.001" /><testcase classname="tests.test_pipeline_and_factory" name="test_factory_builds_bytetrack_from_config_default" time="0.001" /><testcase classname="tests.test_pipeline_and_factory" name="test_factory_raises_on_unknown_tracker_kind" time="0.001" /><testcase classname="tests.test_provenance" name="test_collect_provenance" time="0.009" /><testcase classname="tests.test_repo_health" name="test_schema_guide_mentions_metrics_schema_version" time="0.001" /><testcase classname="tests.test_repo_health" name="test_benchmarks_has_cold_start_anchor" time="0.001" /><testcase classname="tests.test_ris" name="test_ris_stub_returns_empty_list_and_records_last_query" time="0.000" /><testcase classname="tests.test_schema_sync" name="test_readme_schema_matches_schema_md" time="0.001" /><testcase classname="tests.test_telemetry" name="test_stage_timer_records_and_summarizes" time="0.001" /><testcase classname="tests.test_tracker" name="test_tracker_assigns_incremental_ids" time="0.001" /><testcase classname="tests.test_verify_accounting" name="test_verify_accounting_balances_accepts_and_rejects" time="0.001" /><testcase classname="tests.test_verify_decision" name="test_verify_accept_reject" time="0.283" /><testcase classname="tests.test_verify_manifest" name="test_build_and_load_manifest" time="0.085" /><testcase classname="tests.test_verify_stage_metrics" name="test_verify_stage_metrics" time="0.035" /><testcase classname="tests.test_yolo_bytetrack_adapters" name="test_yololike_detector_converts_runner_outputs_with_threshold" time="0.001" /><testcase classname="tests.test_yolo_bytetrack_adapters" name="test_bytetracklike_tracker_preserves_ids_across_frames" time="0.001" /><testcase classname="tests.test_yolo_bytetrack_adapters" name="test_bytetracklike_tracker_assigns_new_id_for_new_object" time="0.001" /></testsuite></testsuites>